# JRE version: OpenJDK Runtime Environment (8.0_151-b12) (build 1.8.0_151-8u151-b12-0ubuntu0.16.04.2-b12)
# Java VM: OpenJDK 64-Bit Server VM (25.151-b12 mixed mode linux-amd64 compressed oops)
Heap:
 def new generation   total 24192K, used 22996K [0x00000000f0600000, 0x00000000f2030000, 0x00000000f5950000)
  eden space 21568K,  95% used [0x00000000f0600000, 0x00000000f1a326a8, 0x00000000f1b10000)
  from space 2624K,  88% used [0x00000000f1da0000, 0x00000000f1fe2a18, 0x00000000f2030000)
  to   space 2624K,   2% used [0x00000000f1b10000, 0x00000000f1b1e9e8, 0x00000000f1da0000)
 tenured generation   total 53552K, used 49470K [0x00000000f5950000, 0x00000000f8d9c000, 0x0000000100000000)
   the space 53552K,  92% used [0x00000000f5950000, 0x00000000f899fa28, 0x00000000f899fc00, 0x00000000f8d9c000)
 Metaspace       used 33628K, capacity 34564K, committed 34944K, reserved 1079296K
  class space    used 3860K, capacity 4123K, committed 4224K, reserved 1048576K
GC Heap History (10 events):
Event: 8.410 GC heap after
Heap after GC invocations=141 (full 4):
 def new generation   total 13952K, used 1536K [0x00000000f0600000, 0x00000000f1520000, 0x00000000f5950000)
  eden space 12416K,   0% used [0x00000000f0600000, 0x00000000f0600000, 0x00000000f1220000)
  from space 1536K, 100% used [0x00000000f13a0000, 0x00000000f1520000, 0x00000000f1520000)
  to   space 1536K,   0% used [0x00000000f1220000, 0x00000000f1220000, 0x00000000f13a0000)
 tenured generation   total 30844K, used 29901K [0x00000000f5950000, 0x00000000f776f000, 0x0000000100000000)
   the space 30844K,  96% used [0x00000000f5950000, 0x00000000f7683618, 0x00000000f7683800, 0x00000000f776f000)
 Metaspace       used 27537K, capacity 28224K, committed 28544K, reserved 1075200K
  class space    used 3140K, capacity 3348K, committed 3456K, reserved 1048576K
}
Event: 8.601 GC heap before
{Heap before GC invocations=141 (full 4):
 def new generation   total 13952K, used 13952K [0x00000000f0600000, 0x00000000f1520000, 0x00000000f5950000)
  eden space 12416K, 100% used [0x00000000f0600000, 0x00000000f1220000, 0x00000000f1220000)
  from space 1536K, 100% used [0x00000000f13a0000, 0x00000000f1520000, 0x00000000f1520000)
  to   space 1536K,   0% used [0x00000000f1220000, 0x00000000f1220000, 0x00000000f13a0000)
 tenured generation   total 30844K, used 29901K [0x00000000f5950000, 0x00000000f776f000, 0x0000000100000000)
   the space 30844K,  96% used [0x00000000f5950000, 0x00000000f7683618, 0x00000000f7683800, 0x00000000f776f000)
 Metaspace       used 28610K, capacity 29272K, committed 29440K, reserved 1075200K
  class space    used 3304K, capacity 3480K, committed 3584K, reserved 1048576K
Event: 8.686 GC heap after
Heap after GC invocations=142 (full 5):
 def new generation   total 24192K, used 0K [0x00000000f0600000, 0x00000000f2030000, 0x00000000f5950000)
  eden space 21568K,   0% used [0x00000000f0600000, 0x00000000f0600000, 0x00000000f1b10000)
  from space 2624K,   0% used [0x00000000f1b10000, 0x00000000f1b10000, 0x00000000f1da0000)
  to   space 2624K,   0% used [0x00000000f1da0000, 0x00000000f1da0000, 0x00000000f2030000)
 tenured generation   total 53552K, used 32130K [0x00000000f5950000, 0x00000000f8d9c000, 0x0000000100000000)
   the space 53552K,  59% used [0x00000000f5950000, 0x00000000f78b0800, 0x00000000f78b0800, 0x00000000f8d9c000)
 Metaspace       used 28610K, capacity 29272K, committed 29440K, reserved 1075200K
  class space    used 3304K, capacity 3480K, committed 3584K, reserved 1048576K
}
Event: 9.926 GC heap before
{Heap before GC invocations=142 (full 5):
 def new generation   total 24192K, used 21568K [0x00000000f0600000, 0x00000000f2030000, 0x00000000f5950000)
  eden space 21568K, 100% used [0x00000000f0600000, 0x00000000f1b10000, 0x00000000f1b10000)
  from space 2624K,   0% used [0x00000000f1b10000, 0x00000000f1b10000, 0x00000000f1da0000)
  to   space 2624K,   0% used [0x00000000f1da0000, 0x00000000f1da0000, 0x00000000f2030000)
 tenured generation   total 53552K, used 32130K [0x00000000f5950000, 0x00000000f8d9c000, 0x0000000100000000)
   the space 53552K,  59% used [0x00000000f5950000, 0x00000000f78b0800, 0x00000000f78b0800, 0x00000000f8d9c000)
 Metaspace       used 31463K, capacity 32192K, committed 32512K, reserved 1077248K
  class space    used 3609K, capacity 3810K, committed 3840K, reserved 1048576K
Event: 9.965 GC heap after
Heap after GC invocations=143 (full 5):
 def new generation   total 24192K, used 2043K [0x00000000f0600000, 0x00000000f2030000, 0x00000000f5950000)
  eden space 21568K,   0% used [0x00000000f0600000, 0x00000000f0600000, 0x00000000f1b10000)
  from space 2624K,  77% used [0x00000000f1da0000, 0x00000000f1f9ef80, 0x00000000f2030000)
  to   space 2624K,   0% used [0x00000000f1b10000, 0x00000000f1b10000, 0x00000000f1da0000)
 tenured generation   total 53552K, used 32130K [0x00000000f5950000, 0x00000000f8d9c000, 0x0000000100000000)
   the space 53552K,  59% used [0x00000000f5950000, 0x00000000f78b0800, 0x00000000f78b0800, 0x00000000f8d9c000)
 Metaspace       used 31463K, capacity 32192K, committed 32512K, reserved 1077248K
  class space    used 3609K, capacity 3810K, committed 3840K, reserved 1048576K
}
Event: 12.584 GC heap before
{Heap before GC invocations=143 (full 5):
 def new generation   total 24192K, used 23611K [0x00000000f0600000, 0x00000000f2030000, 0x00000000f5950000)
  eden space 21568K, 100% used [0x00000000f0600000, 0x00000000f1b10000, 0x00000000f1b10000)
  from space 2624K,  77% used [0x00000000f1da0000, 0x00000000f1f9ef80, 0x00000000f2030000)
  to   space 2624K,   0% used [0x00000000f1b10000, 0x00000000f1b10000, 0x00000000f1da0000)
 tenured generation   total 53552K, used 32130K [0x00000000f5950000, 0x00000000f8d9c000, 0x0000000100000000)
   the space 53552K,  59% used [0x00000000f5950000, 0x00000000f78b0800, 0x00000000f78b0800, 0x00000000f8d9c000)
 Metaspace       used 32258K, capacity 33066K, committed 33408K, reserved 1079296K
  class space    used 3656K, capacity 3881K, committed 3968K, reserved 1048576K
Event: 12.607 GC heap after
Heap after GC invocations=144 (full 5):
 def new generation   total 24192K, used 1109K [0x00000000f0600000, 0x00000000f2030000, 0x00000000f5950000)
  eden space 21568K,   0% used [0x00000000f0600000, 0x00000000f0600000, 0x00000000f1b10000)
  from space 2624K,  42% used [0x00000000f1b10000, 0x00000000f1c256b0, 0x00000000f1da0000)
  to   space 2624K,   0% used [0x00000000f1da0000, 0x00000000f1da0000, 0x00000000f2030000)
 tenured generation   total 53552K, used 33562K [0x00000000f5950000, 0x00000000f8d9c000, 0x0000000100000000)
   the space 53552K,  62% used [0x00000000f5950000, 0x00000000f7a16878, 0x00000000f7a16a00, 0x00000000f8d9c000)
 Metaspace       used 32258K, capacity 33066K, committed 33408K, reserved 1079296K
  class space    used 3656K, capacity 3881K, committed 3968K, reserved 1048576K
}
Event: 14.080 GC heap before
{Heap before GC invocations=144 (full 5):
 def new generation   total 24192K, used 21946K [0x00000000f0600000, 0x00000000f2030000, 0x00000000f5950000)
  eden space 21568K,  96% used [0x00000000f0600000, 0x00000000f1a594d8, 0x00000000f1b10000)
  from space 2624K,  42% used [0x00000000f1b10000, 0x00000000f1c256b0, 0x00000000f1da0000)
  to   space 2624K,   0% used [0x00000000f1da0000, 0x00000000f1da0000, 0x00000000f2030000)
 tenured generation   total 53552K, used 33562K [0x00000000f5950000, 0x00000000f8d9c000, 0x0000000100000000)
   the space 53552K,  62% used [0x00000000f5950000, 0x00000000f7a16878, 0x00000000f7a16a00, 0x00000000f8d9c000)
 Metaspace       used 33548K, capacity 34500K, committed 34688K, reserved 1079296K
  class space    used 3851K, capacity 4123K, committed 4224K, reserved 1048576K
Event: 14.088 GC heap after
Heap after GC invocations=145 (full 5):
 def new generation   total 24192K, used 2314K [0x00000000f0600000, 0x00000000f2030000, 0x00000000f5950000)
  eden space 21568K,   0% used [0x00000000f0600000, 0x00000000f0600000, 0x00000000f1b10000)
  from space 2624K,  88% used [0x00000000f1da0000, 0x00000000f1fe2a18, 0x00000000f2030000)
  to   space 2624K,   0% used [0x00000000f1b10000, 0x00000000f1b10000, 0x00000000f1da0000)
 tenured generation   total 53552K, used 33562K [0x00000000f5950000, 0x00000000f8d9c000, 0x0000000100000000)
   the space 53552K,  62% used [0x00000000f5950000, 0x00000000f7a16878, 0x00000000f7a16a00, 0x00000000f8d9c000)
 Metaspace       used 33548K, capacity 34500K, committed 34688K, reserved 1079296K
  class space    used 3851K, capacity 4123K, committed 4224K, reserved 1048576K
}
Event: 14.214 GC heap before
{Heap before GC invocations=145 (full 5):
 def new generation   total 24192K, used 22996K [0x00000000f0600000, 0x00000000f2030000, 0x00000000f5950000)
  eden space 21568K,  95% used [0x00000000f0600000, 0x00000000f1a326a8, 0x00000000f1b10000)
  from space 2624K,  88% used [0x00000000f1da0000, 0x00000000f1fe2a18, 0x00000000f2030000)
  to   space 2624K,   0% used [0x00000000f1b10000, 0x00000000f1b10000, 0x00000000f1da0000)
 tenured generation   total 53552K, used 33562K [0x00000000f5950000, 0x00000000f8d9c000, 0x0000000100000000)
   the space 53552K,  62% used [0x00000000f5950000, 0x00000000f7a16878, 0x00000000f7a16a00, 0x00000000f8d9c000)
 Metaspace       used 33628K, capacity 34564K, committed 34944K, reserved 1079296K
  class space    used 3860K, capacity 4123K, committed 4224K, reserved 1048576K

