# JRE version: OpenJDK Runtime Environment (8.0_151-b12) (build 1.8.0_151-8u151-b12-0ubuntu0.16.04.2-b12)
# Java VM: OpenJDK 64-Bit Server VM (25.151-b12 mixed mode linux-amd64 compressed oops)
Heap:
 def new generation   total 37568K, used 12013K [0x00000000c0000000, 0x00000000c28c0000, 0x00000000d5550000)
  eden space 33408K,  31% used [0x00000000c0000000, 0x00000000c0a20da8, 0x00000000c20a0000)
  from space 4160K,  39% used [0x00000000c20a0000, 0x00000000c223a8f8, 0x00000000c24b0000)
  to   space 4160K,   0% used [0x00000000c24b0000, 0x00000000c24b0000, 0x00000000c28c0000)
 tenured generation   total 83424K, used 60732K [0x00000000d5550000, 0x00000000da6c8000, 0x0000000100000000)
   the space 83424K,  72% used [0x00000000d5550000, 0x00000000d909f3d8, 0x00000000d909f400, 0x00000000da6c8000)
 Metaspace       used 28352K, capacity 29270K, committed 29440K, reserved 1075200K
  class space    used 3256K, capacity 3459K, committed 3584K, reserved 1048576K
GC Heap History (10 events):
Event: 8.261 GC heap before
{Heap before GC invocations=141 (full 4):
 def new generation   total 17600K, used 16841K [0x00000000c0000000, 0x00000000c1310000, 0x00000000d5550000)
  eden space 15680K,  97% used [0x00000000c0000000, 0x00000000c0ee9c00, 0x00000000c0f50000)
  from space 1920K,  81% used [0x00000000c1130000, 0x00000000c12b8bb8, 0x00000000c1310000)
  to   space 1920K,   0% used [0x00000000c0f50000, 0x00000000c0f50000, 0x00000000c1130000)
 tenured generation   total 38928K, used 34992K [0x00000000d5550000, 0x00000000d7b54000, 0x0000000100000000)
   the space 38928K,  89% used [0x00000000d5550000, 0x00000000d777c190, 0x00000000d777c200, 0x00000000d7b54000)
 Metaspace       used 28146K, capacity 29056K, committed 29312K, reserved 1075200K
  class space    used 3234K, capacity 3453K, committed 3456K, reserved 1048576K
Event: 8.369 GC heap after
Heap after GC invocations=142 (full 5):
 def new generation   total 37568K, used 0K [0x00000000c0000000, 0x00000000c28c0000, 0x00000000d5550000)
  eden space 33408K,   0% used [0x00000000c0000000, 0x00000000c0000000, 0x00000000c20a0000)
  from space 4160K,   0% used [0x00000000c20a0000, 0x00000000c20a0000, 0x00000000c24b0000)
  to   space 4160K,   0% used [0x00000000c24b0000, 0x00000000c24b0000, 0x00000000c28c0000)
 tenured generation   total 83424K, used 50052K [0x00000000d5550000, 0x00000000da6c8000, 0x0000000100000000)
   the space 83424K,  59% used [0x00000000d5550000, 0x00000000d8631170, 0x00000000d8631200, 0x00000000da6c8000)
 Metaspace       used 28146K, capacity 29056K, committed 29312K, reserved 1075200K
  class space    used 3234K, capacity 3453K, committed 3456K, reserved 1048576K
}
Event: 8.836 GC heap before
{Heap before GC invocations=142 (full 5):
 def new generation   total 37568K, used 33408K [0x00000000c0000000, 0x00000000c28c0000, 0x00000000d5550000)
  eden space 33408K, 100% used [0x00000000c0000000, 0x00000000c20a0000, 0x00000000c20a0000)
  from space 4160K,   0% used [0x00000000c20a0000, 0x00000000c20a0000, 0x00000000c24b0000)
  to   space 4160K,   0% used [0x00000000c24b0000, 0x00000000c24b0000, 0x00000000c28c0000)
 tenured generation   total 83424K, used 50052K [0x00000000d5550000, 0x00000000da6c8000, 0x0000000100000000)
   the space 83424K,  59% used [0x00000000d5550000, 0x00000000d8631170, 0x00000000d8631200, 0x00000000da6c8000)
 Metaspace       used 28325K, capacity 29248K, committed 29312K, reserved 1075200K
  class space    used 3251K, capacity 3453K, committed 3456K, reserved 1048576K
Event: 9.031 GC heap after
Heap after GC invocations=143 (full 5):
 def new generation   total 37568K, used 2973K [0x00000000c0000000, 0x00000000c28c0000, 0x00000000d5550000)
  eden space 33408K,   0% used [0x00000000c0000000, 0x00000000c0000000, 0x00000000c20a0000)
  from space 4160K,  71% used [0x00000000c24b0000, 0x00000000c27974a0, 0x00000000c28c0000)
  to   space 4160K,   0% used [0x00000000c20a0000, 0x00000000c20a0000, 0x00000000c24b0000)
 tenured generation   total 83424K, used 59818K [0x00000000d5550000, 0x00000000da6c8000, 0x0000000100000000)
   the space 83424K,  71% used [0x00000000d5550000, 0x00000000d8fba810, 0x00000000d8fbaa00, 0x00000000da6c8000)
 Metaspace       used 28325K, capacity 29248K, committed 29312K, reserved 1075200K
  class space    used 3251K, capacity 3453K, committed 3456K, reserved 1048576K
}
Event: 29.308 GC heap before
{Heap before GC invocations=143 (full 5):
 def new generation   total 37568K, used 36381K [0x00000000c0000000, 0x00000000c28c0000, 0x00000000d5550000)
  eden space 33408K, 100% used [0x00000000c0000000, 0x00000000c20a0000, 0x00000000c20a0000)
  from space 4160K,  71% used [0x00000000c24b0000, 0x00000000c27974a0, 0x00000000c28c0000)
  to   space 4160K,   0% used [0x00000000c20a0000, 0x00000000c20a0000, 0x00000000c24b0000)
 tenured generation   total 83424K, used 59818K [0x00000000d5550000, 0x00000000da6c8000, 0x0000000100000000)
   the space 83424K,  71% used [0x00000000d5550000, 0x00000000d8fba810, 0x00000000d8fbaa00, 0x00000000da6c8000)
 Metaspace       used 28325K, capacity 29248K, committed 29312K, reserved 1075200K
  class space    used 3251K, capacity 3453K, committed 3456K, reserved 1048576K
Event: 31.025 GC heap after
Heap after GC invocations=144 (full 5):
 def new generation   total 37568K, used 1096K [0x00000000c0000000, 0x00000000c28c0000, 0x00000000d5550000)
  eden space 33408K,   0% used [0x00000000c0000000, 0x00000000c0000000, 0x00000000c20a0000)
  from space 4160K,  26% used [0x00000000c20a0000, 0x00000000c21b2368, 0x00000000c24b0000)
  to   space 4160K,   0% used [0x00000000c24b0000, 0x00000000c24b0000, 0x00000000c28c0000)
 tenured generation   total 83424K, used 60732K [0x00000000d5550000, 0x00000000da6c8000, 0x0000000100000000)
   the space 83424K,  72% used [0x00000000d5550000, 0x00000000d909f3d8, 0x00000000d909f400, 0x00000000da6c8000)
 Metaspace       used 28325K, capacity 29248K, committed 29312K, reserved 1075200K
  class space    used 3251K, capacity 3453K, committed 3456K, reserved 1048576K
}
Event: 82.589 GC heap before
{Heap before GC invocations=144 (full 5):
 def new generation   total 37568K, used 34504K [0x00000000c0000000, 0x00000000c28c0000, 0x00000000d5550000)
  eden space 33408K, 100% used [0x00000000c0000000, 0x00000000c20a0000, 0x00000000c20a0000)
  from space 4160K,  26% used [0x00000000c20a0000, 0x00000000c21b2368, 0x00000000c24b0000)
  to   space 4160K,   0% used [0x00000000c24b0000, 0x00000000c24b0000, 0x00000000c28c0000)
 tenured generation   total 83424K, used 60732K [0x00000000d5550000, 0x00000000da6c8000, 0x0000000100000000)
   the space 83424K,  72% used [0x00000000d5550000, 0x00000000d909f3d8, 0x00000000d909f400, 0x00000000da6c8000)
 Metaspace       used 28325K, capacity 29248K, committed 29312K, reserved 1075200K
  class space    used 3251K, capacity 3453K, committed 3456K, reserved 1048576K
Event: 84.696 GC heap after
Heap after GC invocations=145 (full 5):
 def new generation   total 37568K, used 345K [0x00000000c0000000, 0x00000000c28c0000, 0x00000000d5550000)
  eden space 33408K,   0% used [0x00000000c0000000, 0x00000000c0000000, 0x00000000c20a0000)
  from space 4160K,   8% used [0x00000000c24b0000, 0x00000000c2506408, 0x00000000c28c0000)
  to   space 4160K,   0% used [0x00000000c20a0000, 0x00000000c20a0000, 0x00000000c24b0000)
 tenured generation   total 83424K, used 60732K [0x00000000d5550000, 0x00000000da6c8000, 0x0000000100000000)
   the space 83424K,  72% used [0x00000000d5550000, 0x00000000d909f3d8, 0x00000000d909f400, 0x00000000da6c8000)
 Metaspace       used 28325K, capacity 29248K, committed 29312K, reserved 1075200K
  class space    used 3251K, capacity 3453K, committed 3456K, reserved 1048576K
}
Event: 122.356 GC heap before
{Heap before GC invocations=145 (full 5):
 def new generation   total 37568K, used 33753K [0x00000000c0000000, 0x00000000c28c0000, 0x00000000d5550000)
  eden space 33408K, 100% used [0x00000000c0000000, 0x00000000c20a0000, 0x00000000c20a0000)
  from space 4160K,   8% used [0x00000000c24b0000, 0x00000000c2506408, 0x00000000c28c0000)
  to   space 4160K,   0% used [0x00000000c20a0000, 0x00000000c20a0000, 0x00000000c24b0000)
 tenured generation   total 83424K, used 60732K [0x00000000d5550000, 0x00000000da6c8000, 0x0000000100000000)
   the space 83424K,  72% used [0x00000000d5550000, 0x00000000d909f3d8, 0x00000000d909f400, 0x00000000da6c8000)
 Metaspace       used 28327K, capacity 29248K, committed 29312K, reserved 1075200K
  class space    used 3251K, capacity 3453K, committed 3456K, reserved 1048576K
Event: 122.622 GC heap after
Heap after GC invocations=146 (full 5):
 def new generation   total 37568K, used 1642K [0x00000000c0000000, 0x00000000c28c0000, 0x00000000d5550000)
  eden space 33408K,   0% used [0x00000000c0000000, 0x00000000c0000000, 0x00000000c20a0000)
  from space 4160K,  39% used [0x00000000c20a0000, 0x00000000c223a8f8, 0x00000000c24b0000)
  to   space 4160K,   0% used [0x00000000c24b0000, 0x00000000c24b0000, 0x00000000c28c0000)
 tenured generation   total 83424K, used 60732K [0x00000000d5550000, 0x00000000da6c8000, 0x0000000100000000)
   the space 83424K,  72% used [0x00000000d5550000, 0x00000000d909f3d8, 0x00000000d909f400, 0x00000000da6c8000)
 Metaspace       used 28327K, capacity 29248K, committed 29312K, reserved 1075200K
  class space    used 3251K, capacity 3453K, committed 3456K, reserved 1048576K
}

